Disabling strict aggregation checks for HEGEMON_TP_PROOF_MODE=single.
Wallet send config: workers=1 wallet_rayon=4 wallet_rpc_timeout_s=180 send_retries=4
Wallet substrate-send --no-sync support: 1
Worker distribution: workers=1 tx_count=32 counts=32
Throughput profile: safe (host_threads=8 host_mem_gib=24)
Thread config: node_rayon=2 cargo_jobs=1 mine_threads=1 agg_prepare_threads=2 agg_prover_threads=1
Batch config: target_txs=32 min_prepared_txs=32 min_ready_batch_txs=32 liveness_lane=1 queue_capacity=4 adaptive_liveness_ms=default
Aggregation recursion config: leaf_fanin=4 merge_fanin=8 tx_recursion_queries=2 tx_recursion_log_blowup=2 outer_queries=2 outer_log_blowup=2 prover_workers=1
Aggregation packing config: witness_lanes=default add_lanes=default mul_lanes=default
Aggregation prewarm config: include_merge=default max_txs=default(target_txs)
Aggregation timeout budget: strict_prepare_timeout_secs=180 batch_job_timeout_ms=180000 work_package_ttl_ms=180000 leaf_jobs=0
Network config: seeds='' max_peers=0
Mode flags: proof_mode=single aggregation_enabled=0 send_proof_sidecar=0 send_da_sidecar=0 send_no_sync=0 inclusion_target_mode=cumulative prewarm_only=0 incremental_upsize=0
Artifacts: run_id=tx32-pw1 json=/tmp/hegemon-inline-tx-scaling/run-tx32-pw1/artifacts/tx32-pw1.json
Starting node in tmux session 'inline-scale-tx32-pw1' (logs: /tmp/inline-scale-tx32-pw1.log)...
Waiting for RPC to respond...
Stopping mining immediately on reused funded state...
Reusing existing funded state; syncing wallets without bootstrap mining...
Submitting 32 transfers (proof_mode=single, proof_sidecar=0)...
  sending 1/32...
  sending 2/32...
  sending 3/32...
  sending 4/32...
  sending 5/32...
  sending 6/32...
  sending 7/32...
  sending 8/32...
  sending 9/32...
  sending 10/32...
  sending 11/32...
  sending 12/32...
  sending 13/32...
  sending 14/32...
  sending 15/32...
  sending 16/32...
  sending 17/32...
  sending 18/32...
  sending 19/32...
  sending 20/32...
  sending 21/32...
  sending 22/32...
  sending 23/32...
  sending 24/32...
  sending 25/32...
  sending 26/32...
  sending 27/32...
  sending 28/32...
  sending 29/32...
  sending 30/32...
  sending 31/32...
  sending 32/32...
Send stage complete: send_total_ms=51460
Starting mining to include the queued transfers... (start_block=78)
Waiting for size + verify metrics in logs...

=== Latest payload size metrics ===
2026-03-15 11:23:18 block_payload_size_metrics block_number=79 tx_count=32 extrinsics_bytes_total=11917312 da_blob_bytes_estimate=137796 tx_proof_bytes_total=11457953 proven_batch_present=true proven_batch_bytes=308884 proven_batch_build_ms=0 proven_batch_stale_count=0 commitment_proof_bytes=308884 aggregation_proof_bytes=0 da_chunk_count=5 da_root=7bdae470ff22e0df07bebf6c88a943766f10a1c6292da069d10419dbd8b66d936197f72ec9a962a723f39922f02d767c da_policy=FullFetch proof_policy=SelfContained aggregation_mode_enabled=false verification_mode=InlineRequired
payload_cost_metrics included_tx_count=32 tx_proof_bytes_total=11457953 proven_batch_bytes=308884 payload_bytes_per_tx=367713.66
=== Latest import verify time ===
2026-03-15 11:23:19 block_import_verify_time_ms block_number=79 verify_ms=447 proven_batch_present=true
=== Latest consensus breakdown ===
2026-03-15 11:23:19 block_proof_verification_metrics tx_count=32 tx_proof_bytes_total=11457953 commitment_proof_bytes=308884 aggregation_proof_bytes=0 aggregation_proof_uncompressed_bytes=0 ciphertext_bytes_total=137408 commitment_verify_ms=312 aggregation_verify_ms=0 aggregation_verify_batch_ms=0 aggregation_cache_hit=false aggregation_cache_build_ms=0 aggregation_cache_prewarm_hit=false aggregation_cache_prewarm_build_ms=0 aggregation_cache_prewarm_total_ms=0 tx_verify_ms=129 total_verify_ms=447 aggregation_verified=false

throughput_round_metrics tx_count=32 included_tx_count=32 proof_mode=single inclusion_target_mode=cumulative send_proof_sidecar=0 workers=1 prover_workers=1 profile=safe tps_mode=inclusion send_total_ms=51460 inclusion_total_ms=16879 round_total_ms=68428 submission_tps=0.621842 inclusion_tps=1.895847 end_to_end_tps=0.467645 effective_tps=1.895847
metrics_artifact_path=/tmp/hegemon-inline-tx-scaling/run-tx32-pw1/artifacts/tx32-pw1.json
Done. Node is still running in tmux.
  Attach: tmux attach -t inline-scale-tx32-pw1
  Logs:   /tmp/inline-scale-tx32-pw1.log
  Kill:   tmux kill-session -t inline-scale-tx32-pw1
