Disabling strict aggregation checks for HEGEMON_TP_PROOF_MODE=single.
Wallet send config: workers=16 wallet_rayon=1 wallet_rpc_timeout_s=180 send_retries=4
Wallet substrate-send --no-sync support: 1
Worker distribution: workers=16 tx_count=32 counts=2 2 2 2 2 2 2 2 2 2 2 2 2 2 2 2
Throughput profile: safe (host_threads=8 host_mem_gib=24)
Thread config: node_rayon=2 cargo_jobs=1 mine_threads=1 agg_prepare_threads=2 agg_prover_threads=1
Batch config: target_txs=32 min_prepared_txs=32 min_ready_batch_txs=32 liveness_lane=1 queue_capacity=4 adaptive_liveness_ms=default
Aggregation recursion config: leaf_fanin=4 merge_fanin=8 tx_recursion_queries=2 tx_recursion_log_blowup=2 outer_queries=2 outer_log_blowup=2 prover_workers=1
Aggregation packing config: witness_lanes=default add_lanes=default mul_lanes=default
Aggregation prewarm config: include_merge=default max_txs=default(target_txs)
Aggregation timeout budget: strict_prepare_timeout_secs=180 batch_job_timeout_ms=180000 work_package_ttl_ms=180000 leaf_jobs=0
Network config: seeds='' max_peers=0
Mode flags: proof_mode=single aggregation_enabled=0 send_proof_sidecar=0 send_da_sidecar=0 send_no_sync=0 inclusion_target_mode=cumulative prewarm_only=0 incremental_upsize=0
Artifacts: run_id=tx32-pw16 json=/tmp/hegemon-inline-tx-scaling/run-tx32-pw16/artifacts/tx32-pw16.json
Starting node in tmux session 'inline-scale-tx32-pw16' (logs: /tmp/inline-scale-tx32-pw16.log)...
Waiting for RPC to respond...
Stopping mining immediately on reused funded state...
Reusing existing funded state; syncing wallets without bootstrap mining...
Submitting 32 transfers (proof_mode=single, proof_sidecar=0)...
  worker 2 sending 1/2...
  worker 1 sending 1/2...
  worker 4 sending 1/2...
  worker 3 sending 1/2...
  worker 6 sending 1/2...
  worker 5 sending 1/2...
  worker 8 sending 1/2...
  worker 7 sending 1/2...
  worker 9 sending 1/2...
  worker 11 sending 1/2...
  worker 10 sending 1/2...
  worker 12 sending 1/2...
  worker 13 sending 1/2...
  worker 15 sending 1/2...
  worker 16 sending 1/2...
  worker 14 sending 1/2...
  worker 7 sending 2/2...
  worker 11 sending 2/2...
  worker 1 sending 2/2...
  worker 4 sending 2/2...
  worker 3 sending 2/2...
  worker 14 sending 2/2...
  worker 12 sending 2/2...
  worker 15 sending 2/2...
  worker 13 sending 2/2...
  worker 2 sending 2/2...
  worker 9 sending 2/2...
  worker 10 sending 2/2...
  worker 16 sending 2/2...
  worker 5 sending 2/2...
  worker 6 sending 2/2...
  worker 8 sending 2/2...
Send stage complete: send_total_ms=35967
Starting mining to include the queued transfers... (start_block=78)
Waiting for size + verify metrics in logs...

=== Latest payload size metrics ===
2026-03-15 11:24:49 block_payload_size_metrics block_number=79 tx_count=32 extrinsics_bytes_total=11745737 da_blob_bytes_estimate=68964 tx_proof_bytes_total=11356682 proven_batch_present=true proven_batch_bytes=308884 proven_batch_build_ms=0 proven_batch_stale_count=0 commitment_proof_bytes=308884 aggregation_proof_bytes=0 da_chunk_count=3 da_root=dcd39dd7984271d2f266e960113f5abcf555f705a0b92c9ab75d930b06ef598bcfa3d7dc3048e396423500a44e001a34 da_policy=FullFetch proof_policy=SelfContained aggregation_mode_enabled=false verification_mode=InlineRequired
payload_cost_metrics included_tx_count=32 tx_proof_bytes_total=11356682 proven_batch_bytes=308884 payload_bytes_per_tx=364548.94
=== Latest import verify time ===
2026-03-15 11:24:50 block_import_verify_time_ms block_number=79 verify_ms=429 proven_batch_present=true
=== Latest consensus breakdown ===
2026-03-15 11:24:50 block_proof_verification_metrics tx_count=32 tx_proof_bytes_total=11356682 commitment_proof_bytes=308884 aggregation_proof_bytes=0 aggregation_proof_uncompressed_bytes=0 ciphertext_bytes_total=68704 commitment_verify_ms=298 aggregation_verify_ms=0 aggregation_verify_batch_ms=0 aggregation_cache_hit=false aggregation_cache_build_ms=0 aggregation_cache_prewarm_hit=false aggregation_cache_prewarm_build_ms=0 aggregation_cache_prewarm_total_ms=0 tx_verify_ms=128 total_verify_ms=429 aggregation_verified=false

throughput_round_metrics tx_count=32 included_tx_count=32 proof_mode=single inclusion_target_mode=cumulative send_proof_sidecar=0 workers=16 prover_workers=1 profile=safe tps_mode=inclusion send_total_ms=35967 inclusion_total_ms=6785 round_total_ms=42851 submission_tps=0.889704 inclusion_tps=4.716286 end_to_end_tps=0.746774 effective_tps=4.716286
metrics_artifact_path=/tmp/hegemon-inline-tx-scaling/run-tx32-pw16/artifacts/tx32-pw16.json
Done. Node is still running in tmux.
  Attach: tmux attach -t inline-scale-tx32-pw16
  Logs:   /tmp/inline-scale-tx32-pw16.log
  Kill:   tmux kill-session -t inline-scale-tx32-pw16
