# mode: ci
# campaign: staged-proof-abuse
# started_at_utc: 2026-04-23T20:57:22Z
# command_script:
cargo test -p hegemon-node submit_ciphertexts_rejects_ -- --nocapture
cargo test -p hegemon-node submit_proofs_rejects_ -- --nocapture
cargo test -p hegemon-node sidecar_ -- --nocapture
if [[ "${HEGEMON_REDTEAM_MODE:-full}" == "full" ]]; then
  cargo test security_pipeline -- --nocapture
fi

warning: variable does not need to be mutable
   --> spikes/recursion/vendor/plonky3-recursion/circuit/src/builder/compiler/expression_lowerer.rs:369:9
    |
369 |         mut self,
    |         ----^^^^
    |         |
    |         help: remove this `mut`
    |
    = note: `#[warn(unused_mut)]` (part of `#[warn(unused)]`) on by default

warning: function `is_public_expr` is never used
  --> spikes/recursion/vendor/plonky3-recursion/circuit/src/builder/compiler/expression_lowerer.rs:78:4
   |
78 | fn is_public_expr<F: Field>(graph: &ExpressionGraph<F>, expr_id: ExprId) -> bool {
   |    ^^^^^^^^^^^^^^
   |
   = note: `#[warn(dead_code)]` (part of `#[warn(unused)]`) on by default

warning: method `get_witness` is never used
   --> spikes/recursion/vendor/plonky3-recursion/circuit/src/tables/runner.rs:323:8
    |
 35 | impl<'a, F: CircuitField> CircuitRunner<'a, F> {
    | ---------------------------------------------- method in this implementation
...
323 |     fn get_witness(&self, widx: WitnessId) -> Result<F, CircuitError> {
    |        ^^^^^^^^^^^

warning: `p3-circuit` (lib) generated 3 warnings (run `cargo fix --lib -p p3-circuit` to apply 1 suggestion)
warning: unused variable: `challenges`
   --> spikes/recursion/vendor/plonky3-recursion/recursion/src/public_inputs.rs:382:5
    |
382 |     challenges: &[EF],
    |     ^^^^^^^^^^ help: if this is intentional, prefix it with an underscore: `_challenges`
    |
    = note: `#[warn(unused_variables)]` (part of `#[warn(unused)]`) on by default

warning: struct `FoldPhaseInputsTarget` is never constructed
  --> spikes/recursion/vendor/plonky3-recursion/recursion/src/pcs/fri/verifier.rs:20:12
   |
20 | pub struct FoldPhaseInputsTarget {
   |            ^^^^^^^^^^^^^^^^^^^^^
   |
   = note: `#[warn(dead_code)]` (part of `#[warn(unused)]`) on by default

warning: function `fold_row_chain` is never used
   --> spikes/recursion/vendor/plonky3-recursion/recursion/src/pcs/fri/verifier.rs:564:4
    |
564 | fn fold_row_chain<EF: Field>(
    |    ^^^^^^^^^^^^^^

warning: function `verify_query` is never used
   --> spikes/recursion/vendor/plonky3-recursion/recursion/src/pcs/fri/verifier.rs:651:4
    |
651 | fn verify_query<EF: Field>(
    |    ^^^^^^^^^^^^

warning: function `verify_query_from_index_bits` is never used
    --> spikes/recursion/vendor/plonky3-recursion/recursion/src/pcs/fri/verifier.rs:1189:4
     |
1189 | fn verify_query_from_index_bits<EF: Field>(
     |    ^^^^^^^^^^^^^^^^^^^^^^^^^^^^

warning: `p3-recursion` (lib) generated 5 warnings
    Finished `test` profile [unoptimized + debuginfo] target(s) in 0.81s
warning: the following packages contain code that will be rejected by a future version of Rust: trie-db v0.30.0
note: to see what the problems were, use the option `--future-incompat-report`, or run `cargo report future-incompatibilities --id 1`
     Running unittests src/lib.rs (target/debug/deps/hegemon_node-a76d288bd9881a26)

running 2 tests
test substrate::rpc::da::tests::submit_ciphertexts_rejects_safe_rpc_mode ... ok
test substrate::rpc::da::tests::submit_ciphertexts_rejects_store_byte_budget_exhaustion ... ok

test result: ok. 2 passed; 0 failed; 0 ignored; 0 measured; 261 filtered out; finished in 0.06s

     Running unittests src/bin/substrate_node.rs (target/debug/deps/hegemon_node-b3870b4ef4dcf225)

running 0 tests

test result: ok. 0 passed; 0 failed; 0 ignored; 0 measured; 0 filtered out; finished in 0.00s

warning: variable does not need to be mutable
   --> spikes/recursion/vendor/plonky3-recursion/circuit/src/builder/compiler/expression_lowerer.rs:369:9
    |
369 |         mut self,
    |         ----^^^^
    |         |
    |         help: remove this `mut`
    |
    = note: `#[warn(unused_mut)]` (part of `#[warn(unused)]`) on by default

warning: function `is_public_expr` is never used
  --> spikes/recursion/vendor/plonky3-recursion/circuit/src/builder/compiler/expression_lowerer.rs:78:4
   |
78 | fn is_public_expr<F: Field>(graph: &ExpressionGraph<F>, expr_id: ExprId) -> bool {
   |    ^^^^^^^^^^^^^^
   |
   = note: `#[warn(dead_code)]` (part of `#[warn(unused)]`) on by default

warning: method `get_witness` is never used
   --> spikes/recursion/vendor/plonky3-recursion/circuit/src/tables/runner.rs:323:8
    |
 35 | impl<'a, F: CircuitField> CircuitRunner<'a, F> {
    | ---------------------------------------------- method in this implementation
...
323 |     fn get_witness(&self, widx: WitnessId) -> Result<F, CircuitError> {
    |        ^^^^^^^^^^^

warning: `p3-circuit` (lib) generated 3 warnings (run `cargo fix --lib -p p3-circuit` to apply 1 suggestion)
warning: unused variable: `challenges`
   --> spikes/recursion/vendor/plonky3-recursion/recursion/src/public_inputs.rs:382:5
    |
382 |     challenges: &[EF],
    |     ^^^^^^^^^^ help: if this is intentional, prefix it with an underscore: `_challenges`
    |
    = note: `#[warn(unused_variables)]` (part of `#[warn(unused)]`) on by default

warning: struct `FoldPhaseInputsTarget` is never constructed
  --> spikes/recursion/vendor/plonky3-recursion/recursion/src/pcs/fri/verifier.rs:20:12
   |
20 | pub struct FoldPhaseInputsTarget {
   |            ^^^^^^^^^^^^^^^^^^^^^
   |
   = note: `#[warn(dead_code)]` (part of `#[warn(unused)]`) on by default

warning: function `fold_row_chain` is never used
   --> spikes/recursion/vendor/plonky3-recursion/recursion/src/pcs/fri/verifier.rs:564:4
    |
564 | fn fold_row_chain<EF: Field>(
    |    ^^^^^^^^^^^^^^

warning: function `verify_query` is never used
   --> spikes/recursion/vendor/plonky3-recursion/recursion/src/pcs/fri/verifier.rs:651:4
    |
651 | fn verify_query<EF: Field>(
    |    ^^^^^^^^^^^^

warning: function `verify_query_from_index_bits` is never used
    --> spikes/recursion/vendor/plonky3-recursion/recursion/src/pcs/fri/verifier.rs:1189:4
     |
1189 | fn verify_query_from_index_bits<EF: Field>(
     |    ^^^^^^^^^^^^^^^^^^^^^^^^^^^^

warning: `p3-recursion` (lib) generated 5 warnings
    Finished `test` profile [unoptimized + debuginfo] target(s) in 1.02s
warning: the following packages contain code that will be rejected by a future version of Rust: trie-db v0.30.0
note: to see what the problems were, use the option `--future-incompat-report`, or run `cargo report future-incompatibilities --id 1`
     Running unittests src/lib.rs (target/debug/deps/hegemon_node-a76d288bd9881a26)

running 5 tests
test substrate::rpc::da::tests::submit_proofs_rejects_binding_hash_mismatch_for_native_tx_leaf ... ok
test substrate::rpc::da::tests::submit_proofs_rejects_conflicting_existing_entry ... ok
test substrate::rpc::da::tests::submit_proofs_rejects_non_native_tx_leaf_artifact ... ok
test substrate::rpc::da::tests::submit_proofs_rejects_safe_rpc_mode ... ok
test substrate::rpc::da::tests::submit_proofs_rejects_store_byte_budget_exhaustion ... ok

test result: ok. 5 passed; 0 failed; 0 ignored; 0 measured; 258 filtered out; finished in 179.90s

     Running unittests src/bin/substrate_node.rs (target/debug/deps/hegemon_node-b3870b4ef4dcf225)

running 0 tests

test result: ok. 0 passed; 0 failed; 0 ignored; 0 measured; 0 filtered out; finished in 0.00s

warning: variable does not need to be mutable
   --> spikes/recursion/vendor/plonky3-recursion/circuit/src/builder/compiler/expression_lowerer.rs:369:9
    |
369 |         mut self,
    |         ----^^^^
    |         |
    |         help: remove this `mut`
    |
    = note: `#[warn(unused_mut)]` (part of `#[warn(unused)]`) on by default

warning: function `is_public_expr` is never used
  --> spikes/recursion/vendor/plonky3-recursion/circuit/src/builder/compiler/expression_lowerer.rs:78:4
   |
78 | fn is_public_expr<F: Field>(graph: &ExpressionGraph<F>, expr_id: ExprId) -> bool {
   |    ^^^^^^^^^^^^^^
   |
   = note: `#[warn(dead_code)]` (part of `#[warn(unused)]`) on by default

warning: method `get_witness` is never used
   --> spikes/recursion/vendor/plonky3-recursion/circuit/src/tables/runner.rs:323:8
    |
 35 | impl<'a, F: CircuitField> CircuitRunner<'a, F> {
    | ---------------------------------------------- method in this implementation
...
323 |     fn get_witness(&self, widx: WitnessId) -> Result<F, CircuitError> {
    |        ^^^^^^^^^^^

warning: `p3-circuit` (lib) generated 3 warnings (run `cargo fix --lib -p p3-circuit` to apply 1 suggestion)
warning: unused variable: `challenges`
   --> spikes/recursion/vendor/plonky3-recursion/recursion/src/public_inputs.rs:382:5
    |
382 |     challenges: &[EF],
    |     ^^^^^^^^^^ help: if this is intentional, prefix it with an underscore: `_challenges`
    |
    = note: `#[warn(unused_variables)]` (part of `#[warn(unused)]`) on by default

warning: struct `FoldPhaseInputsTarget` is never constructed
  --> spikes/recursion/vendor/plonky3-recursion/recursion/src/pcs/fri/verifier.rs:20:12
   |
20 | pub struct FoldPhaseInputsTarget {
   |            ^^^^^^^^^^^^^^^^^^^^^
   |
   = note: `#[warn(dead_code)]` (part of `#[warn(unused)]`) on by default

warning: function `fold_row_chain` is never used
   --> spikes/recursion/vendor/plonky3-recursion/recursion/src/pcs/fri/verifier.rs:564:4
    |
564 | fn fold_row_chain<EF: Field>(
    |    ^^^^^^^^^^^^^^

warning: function `verify_query` is never used
   --> spikes/recursion/vendor/plonky3-recursion/recursion/src/pcs/fri/verifier.rs:651:4
    |
651 | fn verify_query<EF: Field>(
    |    ^^^^^^^^^^^^

warning: function `verify_query_from_index_bits` is never used
    --> spikes/recursion/vendor/plonky3-recursion/recursion/src/pcs/fri/verifier.rs:1189:4
     |
1189 | fn verify_query_from_index_bits<EF: Field>(
     |    ^^^^^^^^^^^^^^^^^^^^^^^^^^^^

warning: `p3-recursion` (lib) generated 5 warnings
    Finished `test` profile [unoptimized + debuginfo] target(s) in 0.86s
warning: the following packages contain code that will be rejected by a future version of Rust: trie-db v0.30.0
note: to see what the problems were, use the option `--future-incompat-report`, or run `cargo report future-incompatibilities --id 1`
     Running unittests src/lib.rs (target/debug/deps/hegemon_node-a76d288bd9881a26)

running 3 tests
test substrate::service::tests::proofless_sidecar_full_extraction_requires_local_proof_restage_after_restart ... ok
test substrate::service::tests::receipt_root_lane_rejects_local_only_sidecar_proof_material ... ok
test substrate::service::tests::sidecar_ciphertexts_require_local_restage_after_restart ... ok

test result: ok. 3 passed; 0 failed; 0 ignored; 0 measured; 260 filtered out; finished in 46.58s

     Running unittests src/bin/substrate_node.rs (target/debug/deps/hegemon_node-b3870b4ef4dcf225)

running 0 tests

test result: ok. 0 passed; 0 failed; 0 ignored; 0 measured; 0 filtered out; finished in 0.00s

