Disabling strict aggregation checks for HEGEMON_TP_PROOF_MODE=single.
Wallet send config: workers=2 wallet_rayon=2 wallet_rpc_timeout_s=180 send_retries=4
Wallet substrate-send --no-sync support: 1
Worker distribution: workers=2 tx_count=4 counts=2 2
Throughput profile: safe (host_threads=8 host_mem_gib=24)
Thread config: node_rayon=2 cargo_jobs=1 mine_threads=1 agg_prepare_threads=2 agg_prover_threads=1
Batch config: target_txs=4 min_prepared_txs=4 min_ready_batch_txs=4 liveness_lane=1 queue_capacity=4 adaptive_liveness_ms=default
Aggregation recursion config: leaf_fanin=4 merge_fanin=8 tx_recursion_queries=2 tx_recursion_log_blowup=2 outer_queries=2 outer_log_blowup=2 prover_workers=1
Aggregation packing config: witness_lanes=default add_lanes=default mul_lanes=default
Aggregation prewarm config: include_merge=default max_txs=default(target_txs)
Aggregation timeout budget: strict_prepare_timeout_secs=180 batch_job_timeout_ms=180000 work_package_ttl_ms=180000 leaf_jobs=0
Network config: seeds='' max_peers=0
Mode flags: proof_mode=single aggregation_enabled=0 send_proof_sidecar=0 send_da_sidecar=0 send_no_sync=0 inclusion_target_mode=cumulative prewarm_only=0 incremental_upsize=0
Artifacts: run_id=tx4-pw2 json=/tmp/hegemon-inline-tx-scaling/run-tx4-pw2/artifacts/tx4-pw2.json
Starting node in tmux session 'inline-scale-tx4-pw2' (logs: /tmp/inline-scale-tx4-pw2.log)...
Waiting for RPC to respond...
Stopping mining immediately on reused funded state...
Reusing existing funded state; syncing wallets without bootstrap mining...
Submitting 4 transfers (proof_mode=single, proof_sidecar=0)...
  worker 2 sending 1/2...
  worker 1 sending 1/2...
  worker 2 sending 2/2...
  worker 1 sending 2/2...
Send stage complete: send_total_ms=5783
Starting mining to include the queued transfers... (start_block=12)
Waiting for size + verify metrics in logs...

=== Latest payload size metrics ===
2026-03-15 10:46:55 block_payload_size_metrics block_number=13 tx_count=4 extrinsics_bytes_total=1660674 da_blob_bytes_estimate=8624 tx_proof_bytes_total=1420411 proven_batch_present=true proven_batch_bytes=228076 proven_batch_build_ms=0 proven_batch_stale_count=0 commitment_proof_bytes=228076 aggregation_proof_bytes=0 da_chunk_count=2 da_root=cafdb6bb8c6cf6fb3732e4764659b8edf1186cad91321cc3bf261aad8384609367ba5971c8a9da10db82b8543515715c da_policy=FullFetch proof_policy=SelfContained aggregation_mode_enabled=false verification_mode=InlineRequired
payload_cost_metrics included_tx_count=4 tx_proof_bytes_total=1420411 proven_batch_bytes=228076 payload_bytes_per_tx=412121.75
=== Latest import verify time ===
2026-03-15 10:46:55 block_import_verify_time_ms block_number=13 verify_ms=62 proven_batch_present=true
=== Latest consensus breakdown ===
2026-03-15 10:46:55 block_proof_verification_metrics tx_count=4 tx_proof_bytes_total=1420411 commitment_proof_bytes=228076 aggregation_proof_bytes=0 aggregation_proof_uncompressed_bytes=0 ciphertext_bytes_total=8588 commitment_verify_ms=44 aggregation_verify_ms=0 aggregation_verify_batch_ms=0 aggregation_cache_hit=false aggregation_cache_build_ms=0 aggregation_cache_prewarm_hit=false aggregation_cache_prewarm_build_ms=0 aggregation_cache_prewarm_total_ms=0 tx_verify_ms=18 total_verify_ms=62 aggregation_verified=false

throughput_round_metrics tx_count=4 included_tx_count=4 proof_mode=single inclusion_target_mode=cumulative send_proof_sidecar=0 workers=2 prover_workers=1 profile=safe tps_mode=inclusion send_total_ms=5783 inclusion_total_ms=15771 round_total_ms=21656 submission_tps=0.691683 inclusion_tps=0.253630 end_to_end_tps=0.184706 effective_tps=0.253630
metrics_artifact_path=/tmp/hegemon-inline-tx-scaling/run-tx4-pw2/artifacts/tx4-pw2.json
Done. Node is still running in tmux.
  Attach: tmux attach -t inline-scale-tx4-pw2
  Logs:   /tmp/inline-scale-tx4-pw2.log
  Kill:   tmux kill-session -t inline-scale-tx4-pw2
