Disabling strict aggregation checks for HEGEMON_TP_PROOF_MODE=single.
Wallet send config: workers=4 wallet_rayon=1 wallet_rpc_timeout_s=180 send_retries=4
Wallet substrate-send --no-sync support: 1
Worker distribution: workers=4 tx_count=8 counts=2 2 2 2
Throughput profile: safe (host_threads=8 host_mem_gib=24)
Thread config: node_rayon=2 cargo_jobs=1 mine_threads=1 agg_prepare_threads=2 agg_prover_threads=1
Batch config: target_txs=8 min_prepared_txs=8 min_ready_batch_txs=8 liveness_lane=1 queue_capacity=4 adaptive_liveness_ms=default
Aggregation recursion config: leaf_fanin=4 merge_fanin=8 tx_recursion_queries=2 tx_recursion_log_blowup=2 outer_queries=2 outer_log_blowup=2 prover_workers=1
Aggregation packing config: witness_lanes=default add_lanes=default mul_lanes=default
Aggregation prewarm config: include_merge=default max_txs=default(target_txs)
Aggregation timeout budget: strict_prepare_timeout_secs=180 batch_job_timeout_ms=180000 work_package_ttl_ms=180000 leaf_jobs=0
Network config: seeds='' max_peers=0
Mode flags: proof_mode=single aggregation_enabled=0 send_proof_sidecar=0 send_da_sidecar=0 send_no_sync=0 inclusion_target_mode=cumulative prewarm_only=0 incremental_upsize=0
Artifacts: run_id=tx8-pw4 json=/tmp/hegemon-inline-tx-scaling/run-tx8-pw4/artifacts/tx8-pw4.json
Starting node in tmux session 'inline-scale-tx8-pw4' (logs: /tmp/inline-scale-tx8-pw4.log)...
Waiting for RPC to respond...
Stopping mining immediately on reused funded state...
Reusing existing funded state; syncing wallets without bootstrap mining...
Submitting 8 transfers (proof_mode=single, proof_sidecar=0)...
  worker 2 sending 1/2...
  worker 1 sending 1/2...
  worker 3 sending 1/2...
  worker 4 sending 1/2...
  worker 3 sending 2/2...
  worker 2 sending 2/2...
  worker 1 sending 2/2...
  worker 4 sending 2/2...
Send stage complete: send_total_ms=11070
Starting mining to include the queued transfers... (start_block=20)
Waiting for size + verify metrics in logs...

=== Latest payload size metrics ===
2026-03-15 10:52:25 block_payload_size_metrics block_number=21 tx_count=8 extrinsics_bytes_total=3115728 da_blob_bytes_estimate=17244 tx_proof_bytes_total=2840353 proven_batch_present=true proven_batch_bytes=253476 proven_batch_build_ms=0 proven_batch_stale_count=0 commitment_proof_bytes=253476 aggregation_proof_bytes=0 da_chunk_count=2 da_root=d4caf4548b45c1d58e9ca3faf6978e0a88f5d37600a509957673e1f78475d4dde54ba5b0b014905fd3769667a41232ab da_policy=FullFetch proof_policy=SelfContained aggregation_mode_enabled=false verification_mode=InlineRequired
payload_cost_metrics included_tx_count=8 tx_proof_bytes_total=2840353 proven_batch_bytes=253476 payload_bytes_per_tx=386728.62
=== Latest import verify time ===
2026-03-15 10:52:26 block_import_verify_time_ms block_number=21 verify_ms=112 proven_batch_present=true
=== Latest consensus breakdown ===
2026-03-15 10:52:26 block_proof_verification_metrics tx_count=8 tx_proof_bytes_total=2840353 commitment_proof_bytes=253476 aggregation_proof_bytes=0 aggregation_proof_uncompressed_bytes=0 ciphertext_bytes_total=17176 commitment_verify_ms=79 aggregation_verify_ms=0 aggregation_verify_batch_ms=0 aggregation_cache_hit=false aggregation_cache_build_ms=0 aggregation_cache_prewarm_hit=false aggregation_cache_prewarm_build_ms=0 aggregation_cache_prewarm_total_ms=0 tx_verify_ms=32 total_verify_ms=112 aggregation_verified=false

throughput_round_metrics tx_count=8 included_tx_count=8 proof_mode=single inclusion_target_mode=cumulative send_proof_sidecar=0 workers=4 prover_workers=1 profile=safe tps_mode=inclusion send_total_ms=11070 inclusion_total_ms=8498 round_total_ms=19668 submission_tps=0.722674 inclusion_tps=0.941398 end_to_end_tps=0.406752 effective_tps=0.941398
metrics_artifact_path=/tmp/hegemon-inline-tx-scaling/run-tx8-pw4/artifacts/tx8-pw4.json
Done. Node is still running in tmux.
  Attach: tmux attach -t inline-scale-tx8-pw4
  Logs:   /tmp/inline-scale-tx8-pw4.log
  Kill:   tmux kill-session -t inline-scale-tx8-pw4
