# mode: ci
# campaign: recursive-block-mismatch
# started_at_utc: 2026-04-20T05:13:45Z
# command_script:
cargo test -p consensus recursive_block_v1_verifier_rejects_tx_count_mismatch -- --nocapture
cargo test -p consensus recursive_block_v2_verifier_rejects_tx_count_mismatch -- --nocapture
cargo test -p consensus --test raw_active_mode raw_active_rejects_bad_tx_proof -- --ignored --nocapture

warning: variable does not need to be mutable
   --> spikes/recursion/vendor/plonky3-recursion/circuit/src/builder/compiler/expression_lowerer.rs:369:9
    |
369 |         mut self,
    |         ----^^^^
    |         |
    |         help: remove this `mut`
    |
    = note: `#[warn(unused_mut)]` (part of `#[warn(unused)]`) on by default

warning: function `is_public_expr` is never used
  --> spikes/recursion/vendor/plonky3-recursion/circuit/src/builder/compiler/expression_lowerer.rs:78:4
   |
78 | fn is_public_expr<F: Field>(graph: &ExpressionGraph<F>, expr_id: ExprId) -> bool {
   |    ^^^^^^^^^^^^^^
   |
   = note: `#[warn(dead_code)]` (part of `#[warn(unused)]`) on by default

warning: method `get_witness` is never used
   --> spikes/recursion/vendor/plonky3-recursion/circuit/src/tables/runner.rs:323:8
    |
 35 | impl<'a, F: CircuitField> CircuitRunner<'a, F> {
    | ---------------------------------------------- method in this implementation
...
323 |     fn get_witness(&self, widx: WitnessId) -> Result<F, CircuitError> {
    |        ^^^^^^^^^^^

warning: `p3-circuit` (lib) generated 3 warnings (run `cargo fix --lib -p p3-circuit` to apply 1 suggestion)
warning: unused variable: `challenges`
   --> spikes/recursion/vendor/plonky3-recursion/recursion/src/public_inputs.rs:382:5
    |
382 |     challenges: &[EF],
    |     ^^^^^^^^^^ help: if this is intentional, prefix it with an underscore: `_challenges`
    |
    = note: `#[warn(unused_variables)]` (part of `#[warn(unused)]`) on by default

warning: struct `FoldPhaseInputsTarget` is never constructed
  --> spikes/recursion/vendor/plonky3-recursion/recursion/src/pcs/fri/verifier.rs:20:12
   |
20 | pub struct FoldPhaseInputsTarget {
   |            ^^^^^^^^^^^^^^^^^^^^^
   |
   = note: `#[warn(dead_code)]` (part of `#[warn(unused)]`) on by default

warning: function `fold_row_chain` is never used
   --> spikes/recursion/vendor/plonky3-recursion/recursion/src/pcs/fri/verifier.rs:564:4
    |
564 | fn fold_row_chain<EF: Field>(
    |    ^^^^^^^^^^^^^^

warning: function `verify_query` is never used
   --> spikes/recursion/vendor/plonky3-recursion/recursion/src/pcs/fri/verifier.rs:651:4
    |
651 | fn verify_query<EF: Field>(
    |    ^^^^^^^^^^^^

warning: function `verify_query_from_index_bits` is never used
    --> spikes/recursion/vendor/plonky3-recursion/recursion/src/pcs/fri/verifier.rs:1189:4
     |
1189 | fn verify_query_from_index_bits<EF: Field>(
     |    ^^^^^^^^^^^^^^^^^^^^^^^^^^^^

warning: `p3-recursion` (lib) generated 5 warnings
    Finished `test` profile [unoptimized + debuginfo] target(s) in 0.56s
warning: the following packages contain code that will be rejected by a future version of Rust: trie-db v0.30.0
note: to see what the problems were, use the option `--future-incompat-report`, or run `cargo report future-incompatibilities --id 1`
     Running unittests src/lib.rs (target/debug/deps/consensus-c143b3b913d10559)

running 1 test
test proof::tests::recursive_block_v1_verifier_rejects_tx_count_mismatch ... ok

test result: ok. 1 passed; 0 failed; 0 ignored; 0 measured; 55 filtered out; finished in 18.51s

     Running tests/commitment_proof_handoff.rs (target/debug/deps/commitment_proof_handoff-61b8727f7c8c14c3)

running 0 tests

test result: ok. 0 passed; 0 failed; 0 ignored; 0 measured; 3 filtered out; finished in 0.00s

     Running tests/common.rs (target/debug/deps/common-210594ddb3125bba)

running 0 tests

test result: ok. 0 passed; 0 failed; 0 ignored; 0 measured; 0 filtered out; finished in 0.00s

     Running tests/da_sampling.rs (target/debug/deps/da_sampling-9e05bb62b49593b8)

running 0 tests

test result: ok. 0 passed; 0 failed; 0 ignored; 0 measured; 2 filtered out; finished in 0.00s

     Running tests/fuzz.rs (target/debug/deps/fuzz-961f1b45a6b1002a)

running 0 tests

test result: ok. 0 passed; 0 failed; 0 ignored; 0 measured; 1 filtered out; finished in 0.00s

     Running tests/parallel_verification.rs (target/debug/deps/parallel_verification-842fcba1b57b995b)

running 0 tests

test result: ok. 0 passed; 0 failed; 0 ignored; 0 measured; 1 filtered out; finished in 0.00s

     Running tests/pow_algorithm.rs (target/debug/deps/pow_algorithm-90de730ed3fa6a63)

running 0 tests

test result: ok. 0 passed; 0 failed; 0 ignored; 0 measured; 22 filtered out; finished in 0.00s

     Running tests/pow_rules.rs (target/debug/deps/pow_rules-022083005c2121e4)

running 0 tests

test result: ok. 0 passed; 0 failed; 0 ignored; 0 measured; 3 filtered out; finished in 0.00s

     Running tests/pq_runtime_compat.rs (target/debug/deps/pq_runtime_compat-ab6610b26dd1a6cf)

running 0 tests

test result: ok. 0 passed; 0 failed; 0 ignored; 0 measured; 1 filtered out; finished in 0.00s

     Running tests/raw_active_mode.rs (target/debug/deps/raw_active_mode-ea8652d3858d9085)

running 0 tests

test result: ok. 0 passed; 0 failed; 0 ignored; 0 measured; 9 filtered out; finished in 0.00s

     Running tests/self_contained_mode.rs (target/debug/deps/self_contained_mode-8a8ee36e3d546f66)

running 0 tests

test result: ok. 0 passed; 0 failed; 0 ignored; 0 measured; 5 filtered out; finished in 0.00s

     Running tests/simulation.rs (target/debug/deps/simulation-bb292ebc805ec3a7)

running 0 tests

test result: ok. 0 passed; 0 failed; 0 ignored; 0 measured; 2 filtered out; finished in 0.00s

     Running tests/version_policy.rs (target/debug/deps/version_policy-7076ed9d703ab885)

running 0 tests

test result: ok. 0 passed; 0 failed; 0 ignored; 0 measured; 1 filtered out; finished in 0.00s

warning: variable does not need to be mutable
   --> spikes/recursion/vendor/plonky3-recursion/circuit/src/builder/compiler/expression_lowerer.rs:369:9
    |
369 |         mut self,
    |         ----^^^^
    |         |
    |         help: remove this `mut`
    |
    = note: `#[warn(unused_mut)]` (part of `#[warn(unused)]`) on by default

warning: function `is_public_expr` is never used
  --> spikes/recursion/vendor/plonky3-recursion/circuit/src/builder/compiler/expression_lowerer.rs:78:4
   |
78 | fn is_public_expr<F: Field>(graph: &ExpressionGraph<F>, expr_id: ExprId) -> bool {
   |    ^^^^^^^^^^^^^^
   |
   = note: `#[warn(dead_code)]` (part of `#[warn(unused)]`) on by default

warning: method `get_witness` is never used
   --> spikes/recursion/vendor/plonky3-recursion/circuit/src/tables/runner.rs:323:8
    |
 35 | impl<'a, F: CircuitField> CircuitRunner<'a, F> {
    | ---------------------------------------------- method in this implementation
...
323 |     fn get_witness(&self, widx: WitnessId) -> Result<F, CircuitError> {
    |        ^^^^^^^^^^^

warning: `p3-circuit` (lib) generated 3 warnings (run `cargo fix --lib -p p3-circuit` to apply 1 suggestion)
warning: unused variable: `challenges`
   --> spikes/recursion/vendor/plonky3-recursion/recursion/src/public_inputs.rs:382:5
    |
382 |     challenges: &[EF],
    |     ^^^^^^^^^^ help: if this is intentional, prefix it with an underscore: `_challenges`
    |
    = note: `#[warn(unused_variables)]` (part of `#[warn(unused)]`) on by default

warning: struct `FoldPhaseInputsTarget` is never constructed
  --> spikes/recursion/vendor/plonky3-recursion/recursion/src/pcs/fri/verifier.rs:20:12
   |
20 | pub struct FoldPhaseInputsTarget {
   |            ^^^^^^^^^^^^^^^^^^^^^
   |
   = note: `#[warn(dead_code)]` (part of `#[warn(unused)]`) on by default

warning: function `fold_row_chain` is never used
   --> spikes/recursion/vendor/plonky3-recursion/recursion/src/pcs/fri/verifier.rs:564:4
    |
564 | fn fold_row_chain<EF: Field>(
    |    ^^^^^^^^^^^^^^

warning: function `verify_query` is never used
   --> spikes/recursion/vendor/plonky3-recursion/recursion/src/pcs/fri/verifier.rs:651:4
    |
651 | fn verify_query<EF: Field>(
    |    ^^^^^^^^^^^^

warning: function `verify_query_from_index_bits` is never used
    --> spikes/recursion/vendor/plonky3-recursion/recursion/src/pcs/fri/verifier.rs:1189:4
     |
1189 | fn verify_query_from_index_bits<EF: Field>(
     |    ^^^^^^^^^^^^^^^^^^^^^^^^^^^^

warning: `p3-recursion` (lib) generated 5 warnings
    Finished `test` profile [unoptimized + debuginfo] target(s) in 0.50s
warning: the following packages contain code that will be rejected by a future version of Rust: trie-db v0.30.0
note: to see what the problems were, use the option `--future-incompat-report`, or run `cargo report future-incompatibilities --id 1`
     Running unittests src/lib.rs (target/debug/deps/consensus-c143b3b913d10559)

running 1 test
test proof::tests::recursive_block_v2_verifier_rejects_tx_count_mismatch ... ok

test result: ok. 1 passed; 0 failed; 0 ignored; 0 measured; 55 filtered out; finished in 6.81s

     Running tests/commitment_proof_handoff.rs (target/debug/deps/commitment_proof_handoff-61b8727f7c8c14c3)

running 0 tests

test result: ok. 0 passed; 0 failed; 0 ignored; 0 measured; 3 filtered out; finished in 0.00s

     Running tests/common.rs (target/debug/deps/common-210594ddb3125bba)

running 0 tests

test result: ok. 0 passed; 0 failed; 0 ignored; 0 measured; 0 filtered out; finished in 0.00s

     Running tests/da_sampling.rs (target/debug/deps/da_sampling-9e05bb62b49593b8)

running 0 tests

test result: ok. 0 passed; 0 failed; 0 ignored; 0 measured; 2 filtered out; finished in 0.00s

     Running tests/fuzz.rs (target/debug/deps/fuzz-961f1b45a6b1002a)

running 0 tests

test result: ok. 0 passed; 0 failed; 0 ignored; 0 measured; 1 filtered out; finished in 0.00s

     Running tests/parallel_verification.rs (target/debug/deps/parallel_verification-842fcba1b57b995b)

running 0 tests

test result: ok. 0 passed; 0 failed; 0 ignored; 0 measured; 1 filtered out; finished in 0.00s

     Running tests/pow_algorithm.rs (target/debug/deps/pow_algorithm-90de730ed3fa6a63)

running 0 tests

test result: ok. 0 passed; 0 failed; 0 ignored; 0 measured; 22 filtered out; finished in 0.00s

     Running tests/pow_rules.rs (target/debug/deps/pow_rules-022083005c2121e4)

running 0 tests

test result: ok. 0 passed; 0 failed; 0 ignored; 0 measured; 3 filtered out; finished in 0.00s

     Running tests/pq_runtime_compat.rs (target/debug/deps/pq_runtime_compat-ab6610b26dd1a6cf)

running 0 tests

test result: ok. 0 passed; 0 failed; 0 ignored; 0 measured; 1 filtered out; finished in 0.00s

     Running tests/raw_active_mode.rs (target/debug/deps/raw_active_mode-ea8652d3858d9085)

running 0 tests

test result: ok. 0 passed; 0 failed; 0 ignored; 0 measured; 9 filtered out; finished in 0.00s

     Running tests/self_contained_mode.rs (target/debug/deps/self_contained_mode-8a8ee36e3d546f66)

running 0 tests

test result: ok. 0 passed; 0 failed; 0 ignored; 0 measured; 5 filtered out; finished in 0.00s

     Running tests/simulation.rs (target/debug/deps/simulation-bb292ebc805ec3a7)

running 0 tests

test result: ok. 0 passed; 0 failed; 0 ignored; 0 measured; 2 filtered out; finished in 0.00s

     Running tests/version_policy.rs (target/debug/deps/version_policy-7076ed9d703ab885)

running 0 tests

test result: ok. 0 passed; 0 failed; 0 ignored; 0 measured; 1 filtered out; finished in 0.00s

warning: variable does not need to be mutable
   --> spikes/recursion/vendor/plonky3-recursion/circuit/src/builder/compiler/expression_lowerer.rs:369:9
    |
369 |         mut self,
    |         ----^^^^
    |         |
    |         help: remove this `mut`
    |
    = note: `#[warn(unused_mut)]` (part of `#[warn(unused)]`) on by default

warning: function `is_public_expr` is never used
  --> spikes/recursion/vendor/plonky3-recursion/circuit/src/builder/compiler/expression_lowerer.rs:78:4
   |
78 | fn is_public_expr<F: Field>(graph: &ExpressionGraph<F>, expr_id: ExprId) -> bool {
   |    ^^^^^^^^^^^^^^
   |
   = note: `#[warn(dead_code)]` (part of `#[warn(unused)]`) on by default

warning: method `get_witness` is never used
   --> spikes/recursion/vendor/plonky3-recursion/circuit/src/tables/runner.rs:323:8
    |
 35 | impl<'a, F: CircuitField> CircuitRunner<'a, F> {
    | ---------------------------------------------- method in this implementation
...
323 |     fn get_witness(&self, widx: WitnessId) -> Result<F, CircuitError> {
    |        ^^^^^^^^^^^

warning: `p3-circuit` (lib) generated 3 warnings (run `cargo fix --lib -p p3-circuit` to apply 1 suggestion)
warning: unused variable: `challenges`
   --> spikes/recursion/vendor/plonky3-recursion/recursion/src/public_inputs.rs:382:5
    |
382 |     challenges: &[EF],
    |     ^^^^^^^^^^ help: if this is intentional, prefix it with an underscore: `_challenges`
    |
    = note: `#[warn(unused_variables)]` (part of `#[warn(unused)]`) on by default

warning: struct `FoldPhaseInputsTarget` is never constructed
  --> spikes/recursion/vendor/plonky3-recursion/recursion/src/pcs/fri/verifier.rs:20:12
   |
20 | pub struct FoldPhaseInputsTarget {
   |            ^^^^^^^^^^^^^^^^^^^^^
   |
   = note: `#[warn(dead_code)]` (part of `#[warn(unused)]`) on by default

warning: function `fold_row_chain` is never used
   --> spikes/recursion/vendor/plonky3-recursion/recursion/src/pcs/fri/verifier.rs:564:4
    |
564 | fn fold_row_chain<EF: Field>(
    |    ^^^^^^^^^^^^^^

warning: function `verify_query` is never used
   --> spikes/recursion/vendor/plonky3-recursion/recursion/src/pcs/fri/verifier.rs:651:4
    |
651 | fn verify_query<EF: Field>(
    |    ^^^^^^^^^^^^

warning: function `verify_query_from_index_bits` is never used
    --> spikes/recursion/vendor/plonky3-recursion/recursion/src/pcs/fri/verifier.rs:1189:4
     |
1189 | fn verify_query_from_index_bits<EF: Field>(
     |    ^^^^^^^^^^^^^^^^^^^^^^^^^^^^

warning: `p3-recursion` (lib) generated 5 warnings
    Finished `test` profile [unoptimized + debuginfo] target(s) in 0.46s
warning: the following packages contain code that will be rejected by a future version of Rust: trie-db v0.30.0
note: to see what the problems were, use the option `--future-incompat-report`, or run `cargo report future-incompatibilities --id 1`
     Running tests/raw_active_mode.rs (target/debug/deps/raw_active_mode-ea8652d3858d9085)

running 1 test
test raw_active_rejects_bad_tx_proof ... ok

test result: ok. 1 passed; 0 failed; 0 ignored; 0 measured; 8 filtered out; finished in 138.24s

