# mode: ci
# campaign: semantic-aliasing
# started_at_utc: 2026-04-20T05:11:24Z
# command_script:
cargo test -p hegemon-node proof_da_blob_rejects_duplicate_binding_hash -- --nocapture
cargo test -p hegemon-node filter_conflicting_shielded_transfers_drops_binding_conflicts_and_keeps_nullifier_overlaps -- --nocapture
if [[ "${HEGEMON_REDTEAM_MODE:-full}" == "full" ]]; then
  cargo test -p transaction-circuit --test security_fuzz -- --nocapture
  cargo test -p wallet --test address_fuzz -- --nocapture
fi

warning: variable does not need to be mutable
   --> spikes/recursion/vendor/plonky3-recursion/circuit/src/builder/compiler/expression_lowerer.rs:369:9
    |
369 |         mut self,
    |         ----^^^^
    |         |
    |         help: remove this `mut`
    |
    = note: `#[warn(unused_mut)]` (part of `#[warn(unused)]`) on by default

warning: function `is_public_expr` is never used
  --> spikes/recursion/vendor/plonky3-recursion/circuit/src/builder/compiler/expression_lowerer.rs:78:4
   |
78 | fn is_public_expr<F: Field>(graph: &ExpressionGraph<F>, expr_id: ExprId) -> bool {
   |    ^^^^^^^^^^^^^^
   |
   = note: `#[warn(dead_code)]` (part of `#[warn(unused)]`) on by default

warning: method `get_witness` is never used
   --> spikes/recursion/vendor/plonky3-recursion/circuit/src/tables/runner.rs:323:8
    |
 35 | impl<'a, F: CircuitField> CircuitRunner<'a, F> {
    | ---------------------------------------------- method in this implementation
...
323 |     fn get_witness(&self, widx: WitnessId) -> Result<F, CircuitError> {
    |        ^^^^^^^^^^^

warning: `p3-circuit` (lib) generated 3 warnings (run `cargo fix --lib -p p3-circuit` to apply 1 suggestion)
warning: unused variable: `challenges`
   --> spikes/recursion/vendor/plonky3-recursion/recursion/src/public_inputs.rs:382:5
    |
382 |     challenges: &[EF],
    |     ^^^^^^^^^^ help: if this is intentional, prefix it with an underscore: `_challenges`
    |
    = note: `#[warn(unused_variables)]` (part of `#[warn(unused)]`) on by default

warning: struct `FoldPhaseInputsTarget` is never constructed
  --> spikes/recursion/vendor/plonky3-recursion/recursion/src/pcs/fri/verifier.rs:20:12
   |
20 | pub struct FoldPhaseInputsTarget {
   |            ^^^^^^^^^^^^^^^^^^^^^
   |
   = note: `#[warn(dead_code)]` (part of `#[warn(unused)]`) on by default

warning: function `fold_row_chain` is never used
   --> spikes/recursion/vendor/plonky3-recursion/recursion/src/pcs/fri/verifier.rs:564:4
    |
564 | fn fold_row_chain<EF: Field>(
    |    ^^^^^^^^^^^^^^

warning: function `verify_query` is never used
   --> spikes/recursion/vendor/plonky3-recursion/recursion/src/pcs/fri/verifier.rs:651:4
    |
651 | fn verify_query<EF: Field>(
    |    ^^^^^^^^^^^^

warning: function `verify_query_from_index_bits` is never used
    --> spikes/recursion/vendor/plonky3-recursion/recursion/src/pcs/fri/verifier.rs:1189:4
     |
1189 | fn verify_query_from_index_bits<EF: Field>(
     |    ^^^^^^^^^^^^^^^^^^^^^^^^^^^^

warning: `p3-recursion` (lib) generated 5 warnings
    Finished `test` profile [unoptimized + debuginfo] target(s) in 0.70s
warning: the following packages contain code that will be rejected by a future version of Rust: trie-db v0.30.0
note: to see what the problems were, use the option `--future-incompat-report`, or run `cargo report future-incompatibilities --id 1`
     Running unittests src/lib.rs (target/debug/deps/hegemon_node-a76d288bd9881a26)

running 1 test
test substrate::service::tests::proof_da_blob_rejects_duplicate_binding_hash ... ok

test result: ok. 1 passed; 0 failed; 0 ignored; 0 measured; 257 filtered out; finished in 0.00s

     Running unittests src/bin/substrate_node.rs (target/debug/deps/hegemon_node-b3870b4ef4dcf225)

running 0 tests

test result: ok. 0 passed; 0 failed; 0 ignored; 0 measured; 0 filtered out; finished in 0.00s

warning: variable does not need to be mutable
   --> spikes/recursion/vendor/plonky3-recursion/circuit/src/builder/compiler/expression_lowerer.rs:369:9
    |
369 |         mut self,
    |         ----^^^^
    |         |
    |         help: remove this `mut`
    |
    = note: `#[warn(unused_mut)]` (part of `#[warn(unused)]`) on by default

warning: function `is_public_expr` is never used
  --> spikes/recursion/vendor/plonky3-recursion/circuit/src/builder/compiler/expression_lowerer.rs:78:4
   |
78 | fn is_public_expr<F: Field>(graph: &ExpressionGraph<F>, expr_id: ExprId) -> bool {
   |    ^^^^^^^^^^^^^^
   |
   = note: `#[warn(dead_code)]` (part of `#[warn(unused)]`) on by default

warning: method `get_witness` is never used
   --> spikes/recursion/vendor/plonky3-recursion/circuit/src/tables/runner.rs:323:8
    |
 35 | impl<'a, F: CircuitField> CircuitRunner<'a, F> {
    | ---------------------------------------------- method in this implementation
...
323 |     fn get_witness(&self, widx: WitnessId) -> Result<F, CircuitError> {
    |        ^^^^^^^^^^^

warning: `p3-circuit` (lib) generated 3 warnings (run `cargo fix --lib -p p3-circuit` to apply 1 suggestion)
warning: unused variable: `challenges`
   --> spikes/recursion/vendor/plonky3-recursion/recursion/src/public_inputs.rs:382:5
    |
382 |     challenges: &[EF],
    |     ^^^^^^^^^^ help: if this is intentional, prefix it with an underscore: `_challenges`
    |
    = note: `#[warn(unused_variables)]` (part of `#[warn(unused)]`) on by default

warning: struct `FoldPhaseInputsTarget` is never constructed
  --> spikes/recursion/vendor/plonky3-recursion/recursion/src/pcs/fri/verifier.rs:20:12
   |
20 | pub struct FoldPhaseInputsTarget {
   |            ^^^^^^^^^^^^^^^^^^^^^
   |
   = note: `#[warn(dead_code)]` (part of `#[warn(unused)]`) on by default

warning: function `fold_row_chain` is never used
   --> spikes/recursion/vendor/plonky3-recursion/recursion/src/pcs/fri/verifier.rs:564:4
    |
564 | fn fold_row_chain<EF: Field>(
    |    ^^^^^^^^^^^^^^

warning: function `verify_query` is never used
   --> spikes/recursion/vendor/plonky3-recursion/recursion/src/pcs/fri/verifier.rs:651:4
    |
651 | fn verify_query<EF: Field>(
    |    ^^^^^^^^^^^^

warning: function `verify_query_from_index_bits` is never used
    --> spikes/recursion/vendor/plonky3-recursion/recursion/src/pcs/fri/verifier.rs:1189:4
     |
1189 | fn verify_query_from_index_bits<EF: Field>(
     |    ^^^^^^^^^^^^^^^^^^^^^^^^^^^^

warning: `p3-recursion` (lib) generated 5 warnings
    Finished `test` profile [unoptimized + debuginfo] target(s) in 0.65s
warning: the following packages contain code that will be rejected by a future version of Rust: trie-db v0.30.0
note: to see what the problems were, use the option `--future-incompat-report`, or run `cargo report future-incompatibilities --id 1`
     Running unittests src/lib.rs (target/debug/deps/hegemon_node-a76d288bd9881a26)

running 1 test
test substrate::service::tests::filter_conflicting_shielded_transfers_drops_binding_conflicts_and_keeps_nullifier_overlaps ... ok

test result: ok. 1 passed; 0 failed; 0 ignored; 0 measured; 257 filtered out; finished in 0.00s

     Running unittests src/bin/substrate_node.rs (target/debug/deps/hegemon_node-b3870b4ef4dcf225)

running 0 tests

test result: ok. 0 passed; 0 failed; 0 ignored; 0 measured; 0 filtered out; finished in 0.00s

